<?xml version="1.0" encoding="UTF-8"?>
<testng-results ignored="0" total="1" passed="1" failed="0" skipped="0">
  <reporter-output>
  </reporter-output>
  <suite started-at="2023-04-18T23:03:36 IST" name="Default suite" finished-at="2023-04-18T23:03:44 IST" duration-ms="7170">
    <groups>
    </groups>
    <test started-at="2023-04-18T23:03:36 IST" name="Default test" finished-at="2023-04-18T23:03:44 IST" duration-ms="7170">
      <class name="webdriverpackage.Scrolldownamazon">
        <test-method is-config="true" signature="start()[pri:0, instance:webdriverpackage.Scrolldownamazon@dd8ba08]" started-at="2023-04-18T23:03:36 IST" name="start" finished-at="2023-04-18T23:03:40 IST" duration-ms="3256" status="PASS">
          <reporter-output>
          </reporter-output>
        </test-method> <!-- start -->
        <test-method is-config="true" signature="startup()[pri:0, instance:webdriverpackage.Scrolldownamazon@dd8ba08]" started-at="2023-04-18T23:03:40 IST" name="startup" finished-at="2023-04-18T23:03:43 IST" duration-ms="3689" status="PASS">
          <reporter-output>
          </reporter-output>
        </test-method> <!-- startup -->
        <test-method signature="scrolldown()[pri:0, instance:webdriverpackage.Scrolldownamazon@dd8ba08]" started-at="2023-04-18T23:03:43 IST" name="scrolldown" finished-at="2023-04-18T23:03:44 IST" duration-ms="150" status="PASS">
          <reporter-output>
          </reporter-output>
        </test-method> <!-- scrolldown -->
      </class> <!-- webdriverpackage.Scrolldownamazon -->
    </test> <!-- Default test -->
  </suite> <!-- Default suite -->
</testng-results>
